<?xml version="1.0" encoding="UTF-8" ?>
<testsuite tests="8" failures="0" name="TestSuite" time="2.787" errors="0" skipped="0">
  <properties>
    <property name="java.runtime.name" value="OpenJDK Runtime Environment"/>
    <property name="idea.version" value="2021.3.1"/>
    <property name="java.vm.version" value="11.0.13+7-b1751.21"/>
    <property name="sun.boot.library.path" value="C:\Instalaciones\IntelliJ IDEA 2021.2.3\jbr\bin"/>
    <property name="user.country.format" value="ES"/>
    <property name="maven.multiModuleProjectDirectory" value="C:\Proyectos\IntellJ\JPA-Hibernate-6\beginning-hibernate-6"/>
    <property name="java.vm.vendor" value="JetBrains s.r.o."/>
    <property name="java.vendor.url" value="https://openjdk.java.net/"/>
    <property name="path.separator" value=";"/>
    <property name="guice.disable.misplaced.annotation.check" value="true"/>
    <property name="java.vm.name" value="OpenJDK 64-Bit Server VM"/>
    <property name="user.country" value="US"/>
    <property name="sun.java.launcher" value="SUN_STANDARD"/>
    <property name="user.script" value=""/>
    <property name="sun.os.patch.level" value=""/>
    <property name="user.dir" value="C:\Proyectos\IntellJ\JPA-Hibernate-6\beginning-hibernate-6"/>
    <property name="java.vm.compressedOopsMode" value="Zero based"/>
    <property name="java.vm.specification.name" value="Java Virtual Machine Specification"/>
    <property name="java.runtime.version" value="11.0.13+7-b1751.21"/>
    <property name="java.awt.graphicsenv" value="sun.awt.Win32GraphicsEnvironment"/>
    <property name="os.arch" value="amd64"/>
    <property name="java.io.tmpdir" value="C:\Users\jimar\AppData\Local\Temp\"/>
    <property name="line.separator" value="
"/>
    <property name="java.vm.specification.vendor" value="Oracle Corporation"/>
    <property name="user.variant" value=""/>
    <property name="os.name" value="Windows 10"/>
    <property name="maven.ext.class.path" value="C:\Instalaciones\IntelliJ IDEA 2021.2.3\plugins\maven\lib\maven-event-listener.jar"/>
    <property name="classworlds.conf" value="C:\Instalaciones\IntelliJ IDEA 2021.2.3\plugins\maven\lib\maven3\bin\m2.conf"/>
    <property name="sun.jnu.encoding" value="Cp1252"/>
    <property name="java.library.path" value="C:\Instalaciones\IntelliJ IDEA 2021.2.3\jbr\bin;C:\Windows\Sun\Java\bin;C:\Windows\system32;C:\Windows;C:\Instalaciones\VMware\VMware Player\bin\;C:\Windows\system32;C:\Windows;C:\Windows\System32\Wbem;C:\Windows\System32\WindowsPowerShell\v1.0\;C:\Windows\System32\OpenSSH\;C:\Program Files (x86)\NVIDIA Corporation\PhysX\Common;C:\Program Files\NVIDIA Corporation\NVIDIA NvDLISR;C:\Instalaciones\Git-2.33.1\cmd;C:\Instalaciones\MySQL\MySQL Workbench 8.0 CE;C:\Users\jimar\AppData\Local\Microsoft\WindowsApps;C:\Instalaciones\IntelliJ IDEA 2021.2.3\bin;;C:\Instalaciones\Java\jdk-17.0.1\bin;C:\Instalaciones\apache-maven-3.8.3\bin;C:\Instalaciones\MySQL\MySQL Workbench 8.0 CE;;."/>
    <property name="maven.conf" value="C:\Instalaciones\IntelliJ IDEA 2021.2.3\plugins\maven\lib\maven3/conf"/>
    <property name="jdk.debug" value="release"/>
    <property name="java.class.version" value="55.0"/>
    <property name="java.specification.name" value="Java Platform API Specification"/>
    <property name="sun.management.compiler" value="HotSpot 64-Bit Tiered Compilers"/>
    <property name="os.version" value="10.0"/>
    <property name="user.home" value="C:\Users\jimar"/>
    <property name="user.timezone" value="Europe/Paris"/>
    <property name="java.awt.printerjob" value="sun.awt.windows.WPrinterJob"/>
    <property name="file.encoding" value="UTF-8"/>
    <property name="java.specification.version" value="11"/>
    <property name="java.class.path" value="C:\Instalaciones\IntelliJ IDEA 2021.2.3\plugins\maven\lib\maven3\boot\plexus-classworlds-2.6.0.jar;C:\Instalaciones\IntelliJ IDEA 2021.2.3\plugins\maven\lib\maven3\boot\plexus-classworlds.license"/>
    <property name="user.name" value="jimar"/>
    <property name="java.vm.specification.version" value="11"/>
    <property name="sun.arch.data.model" value="64"/>
    <property name="sun.java.command" value="org.codehaus.classworlds.Launcher -Didea.version=2021.3.1 test"/>
    <property name="java.home" value="C:\Instalaciones\IntelliJ IDEA 2021.2.3\jbr"/>
    <property name="user.language" value="en"/>
    <property name="java.specification.vendor" value="Oracle Corporation"/>
    <property name="user.language.format" value="es"/>
    <property name="awt.toolkit" value="sun.awt.windows.WToolkit"/>
    <property name="java.vm.info" value="mixed mode"/>
    <property name="java.version" value="11.0.13"/>
    <property name="java.vendor" value="JetBrains s.r.o."/>
    <property name="maven.home" value="C:\Instalaciones\IntelliJ IDEA 2021.2.3\plugins\maven\lib\maven3"/>
    <property name="file.separator" value="\"/>
    <property name="java.version.date" value="2021-10-19"/>
    <property name="java.vendor.url.bug" value="https://bugreport.java.com/bugreport/"/>
    <property name="sun.cpu.endian" value="little"/>
    <property name="sun.io.unicode.encoding" value="UnicodeLittle"/>
    <property name="java.vendor.version" value="JBR-11.0.13.7-1751.21-jcef"/>
    <property name="sun.desktop" value="windows"/>
    <property name="sun.cpu.isalist" value="amd64"/>
  </properties>
  <testcase classname="com.autumncode.hibernate.util.SessionBuilderTest" name="testDoWithSession" time="2.35"/>
  <testcase classname="com.autumncode.hibernate.util.SessionBuilderTest" name="testSessionFactory" time="0"/>
  <testcase classname="com.autumncode.jpa.util.JPASessionUtilTest" name="getEntityManager" time="0.168"/>
  <testcase classname="com.autumncode.jpa.util.JPASessionUtilTest" name="getSession" time="0.053"/>
  <testcase classname="com.autumncode.jpa.util.JPASessionUtilTest" name="nonexistentEntityManagerName" time="0"/>
  <testcase classname="com.autumncode.jpa.util.JPASessionUtilTest" name="nonexistentSessionName" time="0.016"/>
  <testcase classname="com.autumncode.jpa.util.JPASessionUtilTest" name="testEntityManager" time="0.1"/>
  <testcase classname="com.autumncode.jpa.util.JPASessionUtilTest" name="testSession" time="0.1"/>
</testsuite>