<?xml version="1.0" encoding="UTF-8"?>
<!-- Generated by org.testng.reporters.JUnitReportReporter -->
<testsuite hostname="DESKTOP-E25FU2F" failures="0" tests="2" name="com.autumncode.hibernate.util.SessionBuilderTest" time="2.350" errors="0" timestamp="2022-01-27T17:38:39 CET" skipped="0">
  <testcase classname="com.autumncode.hibernate.util.SessionBuilderTest" name="testDoWithSession" time="2.350"/>
  <system-out/>
  <testcase classname="com.autumncode.hibernate.util.SessionBuilderTest" name="testSessionFactory" time="0.000"/>
  <system-out/>
</testsuite> <!-- com.autumncode.hibernate.util.SessionBuilderTest -->
