<?xml version="1.0" encoding="UTF-8"?>
<!-- Generated by org.testng.reporters.JUnitReportReporter -->
<testsuite hostname="DESKTOP-E25FU2F" failures="0" tests="6" name="com.autumncode.jpa.util.JPASessionUtilTest" time="0.437" errors="0" timestamp="2022-01-27T17:38:39 CET" skipped="0">
  <testcase classname="com.autumncode.jpa.util.JPASessionUtilTest" name="getSession" time="0.053"/>
  <system-out/>
  <testcase classname="com.autumncode.jpa.util.JPASessionUtilTest" name="nonexistentEntityManagerName" time="0.000"/>
  <system-out/>
  <testcase classname="com.autumncode.jpa.util.JPASessionUtilTest" name="getEntityManager" time="0.168"/>
  <system-out/>
  <testcase classname="com.autumncode.jpa.util.JPASessionUtilTest" name="nonexistentSessionName" time="0.016"/>
  <system-out/>
  <testcase classname="com.autumncode.jpa.util.JPASessionUtilTest" name="testSession" time="0.100"/>
  <system-out/>
  <testcase classname="com.autumncode.jpa.util.JPASessionUtilTest" name="testEntityManager" time="0.100"/>
  <system-out/>
</testsuite> <!-- com.autumncode.jpa.util.JPASessionUtilTest -->
