<?xml version="1.0" encoding="UTF-8"?>
<!-- Generated by org.testng.reporters.JUnitReportReporter -->
<testsuite hostname="DESKTOP-E25FU2F" failures="0" tests="1" name="chapter01.jdbc.PersistenceTest" time="0.000" errors="0" timestamp="2022-01-27T17:38:34 CET" skipped="0">
  <testcase classname="chapter01.jdbc.PersistenceTest" name="readMessage" time="0.000"/>
  <system-out/>
</testsuite> <!-- chapter01.jdbc.PersistenceTest -->
