<?xml version="1.0" encoding="UTF-8"?>
<!-- Generated by org.testng.reporters.JUnitReportReporter -->
<testsuite hostname="DESKTOP-E25FU2F" failures="0" tests="1" name="chapter07.lifecycle.FirstLifecycleTest" time="0.276" errors="0" timestamp="2022-01-27T17:39:04 CET" skipped="0">
  <testcase classname="chapter07.lifecycle.FirstLifecycleTest" name="testLifecycle" time="0.276"/>
  <system-out>
    <![CDATA[attempted to load nonexistent reference]]>
  </system-out>
</testsuite> <!-- chapter07.lifecycle.FirstLifecycleTest -->
