<?xml version="1.0" encoding="UTF-8"?>
<!-- Generated by org.testng.reporters.JUnitReportReporter -->
<testsuite hostname="DESKTOP-E25FU2F" failures="0" tests="5" name="chapter07.validator.ValidatorTest" time="0.003" errors="0" timestamp="2022-01-27T17:39:04 CET" skipped="0">
  <testcase classname="chapter07.validator.ValidatorTest" name="createValidatedNoFNamePerson" time="0.000"/>
  <system-out/>
  <testcase classname="chapter07.validator.ValidatorTest" name="createValidPerson" time="0.003"/>
  <system-out/>
  <testcase classname="chapter07.validator.ValidatorTest" name="createValidatedUnderagePerson" time="0.000"/>
  <system-out/>
  <testcase classname="chapter07.validator.ValidatorTest" name="createValidatedPoorFNamePerson2" time="0.000"/>
  <system-out/>
  <testcase classname="chapter07.validator.ValidatorTest" name="createUnvalidatedUnderagePerson" time="0.000"/>
  <system-out/>
</testsuite> <!-- chapter07.validator.ValidatorTest -->
