<?xml version="1.0" encoding="UTF-8"?>
<!-- Generated by org.testng.reporters.JUnitReportReporter -->
<testsuite hostname="DESKTOP-E25FU2F" failures="0" tests="1" name="chapter07.lifecycle.ExternalListenerTest" time="2.512" errors="0" timestamp="2022-01-27T17:39:04 CET" skipped="0">
  <testcase classname="chapter07.lifecycle.ExternalListenerTest" name="testExternalListener" time="2.512"/>
  <system-out/>
</testsuite> <!-- chapter07.lifecycle.ExternalListenerTest -->
