<?xml version="1.0" encoding="UTF-8"?>
<!-- Generated by org.testng.reporters.JUnitReportReporter -->
<testsuite hostname="DESKTOP-E25FU2F" failures="0" tests="3" name="chapter07.lifecycle.LifecycleTest" time="0.751" errors="0" timestamp="2022-01-27T17:39:04 CET" skipped="0">
  <testcase classname="chapter07.lifecycle.LifecycleTest" name="testPostLoad" time="0.093"/>
  <system-out/>
  <testcase classname="chapter07.lifecycle.LifecycleTest" name="persistenceErrorTests" time="0.301"/>
  <system-out/>
  <testcase classname="chapter07.lifecycle.LifecycleTest" name="prepersistException" time="0.357"/>
  <system-out/>
</testsuite> <!-- chapter07.lifecycle.LifecycleTest -->
