<?xml version="1.0" encoding="UTF-8"?>
<!-- Generated by org.testng.reporters.JUnitReportReporter -->
<testsuite hostname="DESKTOP-E25FU2F" failures="0" tests="9" name="chapter07.validator.CoordinateTest" time="0.346" errors="0" timestamp="2022-01-27T17:39:04 CET" skipped="0">
  <testcase classname="chapter07.validator.CoordinateTest" name="testValidCoordinate" time="0.000"/>
  <system-out/>
  <testcase classname="chapter07.validator.CoordinateTest" name="testValidCoordinate" time="0.003"/>
  <system-out/>
  <testcase classname="chapter07.validator.CoordinateTest" name="testValidCoordinate" time="0.003"/>
  <system-out/>
  <testcase classname="chapter07.validator.CoordinateTest" name="testValidCoordinate" time="0.000"/>
  <system-out/>
  <testcase classname="chapter07.validator.CoordinateTest" name="testValidCoordinate" time="0.000"/>
  <system-out/>
  <testcase classname="chapter07.validator.CoordinateTest" name="testInvalidCoordinate" time="0.340"/>
  <system-out/>
  <testcase classname="chapter07.validator.CoordinateTest" name="testValidCoordinate" time="0.000"/>
  <system-out/>
  <testcase classname="chapter07.validator.CoordinateTest" name="testValidCoordinate" time="0.000"/>
  <system-out/>
  <testcase classname="chapter07.validator.CoordinateTest" name="testValidCoordinate" time="0.000"/>
  <system-out/>
</testsuite> <!-- chapter07.validator.CoordinateTest -->
